[debug] [2025-01-19T12:47:18.438Z] ----------------------------------------------------------------------
[debug] [2025-01-19T12:47:18.443Z] Command:       /opt/homebrew/Cellar/node/20.5.0/bin/node /opt/homebrew/bin/firebase init emulators
[debug] [2025-01-19T12:47:18.444Z] CLI Version:   13.29.1
[debug] [2025-01-19T12:47:18.444Z] Platform:      darwin
[debug] [2025-01-19T12:47:18.444Z] Node Version:  v20.5.0
[debug] [2025-01-19T12:47:18.444Z] Time:          Sun Jan 19 2025 12:47:18 GMT+0000 (Western European Standard Time)
[debug] [2025-01-19T12:47:18.444Z] ----------------------------------------------------------------------
[debug] 
[debug] [2025-01-19T12:47:18.483Z] > command requires scopes: ["email","openid","https://www.googleapis.com/auth/cloudplatformprojects.readonly","https://www.googleapis.com/auth/firebase","https://www.googleapis.com/auth/cloud-platform"]
[debug] [2025-01-19T12:47:18.484Z] > authorizing via signed-in user (peter@vocaire.eu)
[info] 
     ######## #### ########  ######## ########     ###     ######  ########
     ##        ##  ##     ## ##       ##     ##  ##   ##  ##       ##
     ######    ##  ########  ######   ########  #########  ######  ######
     ##        ##  ##    ##  ##       ##     ## ##     ##       ## ##
     ##       #### ##     ## ######## ########  ##     ##  ######  ########

You're about to initialize a Firebase project in this directory:

  /Users/petertoth/Documents/Projects/Entre2025/pms/site

Before we get started, keep in mind:

  * You are initializing within an existing Firebase project directory

[info] 
=== Project Setup
[info] 
[info] First, let's associate this project directory with a Firebase project.
[info] You can create multiple project aliases by running firebase use --add, 
[info] but for now we'll just set up a default project.
[info] 
[debug] [2025-01-19T12:47:18.487Z] Using project from CLI flag: promptable-storybook
[debug] [2025-01-19T12:47:18.487Z] Checked if tokens are valid: true, expires at: 1737294112104
[debug] [2025-01-19T12:47:18.487Z] Checked if tokens are valid: true, expires at: 1737294112104
[debug] [2025-01-19T12:47:18.488Z] >>> [apiv2][query] GET https://firebase.googleapis.com/v1beta1/projects/promptable-storybook [none]
[debug] [2025-01-19T12:47:18.828Z] <<< [apiv2][status] GET https://firebase.googleapis.com/v1beta1/projects/promptable-storybook 403
[debug] [2025-01-19T12:47:18.828Z] <<< [apiv2][body] GET https://firebase.googleapis.com/v1beta1/projects/promptable-storybook {"error":{"code":403,"message":"The caller does not have permission","status":"PERMISSION_DENIED"}}
[debug] [2025-01-19T12:47:18.829Z] Request to https://firebase.googleapis.com/v1beta1/projects/promptable-storybook had HTTP Error: 403, The caller does not have permission
[debug] [2025-01-19T12:47:18.944Z] FirebaseError: Request to https://firebase.googleapis.com/v1beta1/projects/promptable-storybook had HTTP Error: 403, The caller does not have permission
    at responseToError (/opt/homebrew/lib/node_modules/firebase-tools/lib/responseToError.js:52:12)
    at RetryOperation._fn (/opt/homebrew/lib/node_modules/firebase-tools/lib/apiv2.js:312:77)
    at process.processTicksAndRejections (node:internal/process/task_queues:95:5)
[error] 
[error] Error: Failed to get Firebase project promptable-storybook. Please make sure the project exists and your account has permission to access it.
